CLASSPATH=.: java  Main

+Instrução: locals 0 1

+RA:
-1
-1
-1
0
1
-1

+Pilha:

+Instrução: push_int 100000

+RA:
-1
-1
-1
0
1
-1

+Pilha:
100000

+Instrução: store_var 0 1

+RA:
-1
-1
-1
0
1
100000

+Pilha:

+Instrução: push_var 0 1

+RA:
-1
-1
-1
0
1
100000

+Pilha:
100000

+Instrução: set_arg 1

+RA:
-1
-1
-1
0
1
100000
100000

+Pilha:

+Instrução: call -1 func

+RA:
-1
-1
-1
0
1
100000
100000
0
0
6

+Pilha:

+Instrução: locals 1 0

+RA:
-1
-1
-1
0
1
100000
0
0
6
1
0
100000

+Pilha:

+Instrução: push_var 1 1

+RA:
-1
-1
-1
0
1
100000
0
0
6
1
0
100000

+Pilha:
100000

+Instrução: push_int 1

+RA:
-1
-1
-1
0
1
100000
0
0
6
1
0
100000

+Pilha:
100000
1

+Instrução: add

+RA:
-1
-1
-1
0
1
100000
0
0
6
1
0
100000

+Pilha:
100001

+Instrução: store_var 1 1

+RA:
-1
-1
-1
0
1
100001
0
0
6
1
0
100000

+Pilha:

+Instrução: push_int 2

+RA:
-1
-1
-1
0
1
100001
0
0
6
1
0
100000

+Pilha:
2

+Instrução: push_args 0 1

+RA:
-1
-1
-1
0
1
100001
0
0
6
1
0
100000

+Pilha:
2
100000

+Instrução: mult

+RA:
-1
-1
-1
0
1
100001
0
0
6
1
0
100000

+Pilha:
200000

+Instrução: return

+RA:
-1
-1
-1
0
1
100001

+Pilha:
200000

+Instrução: set_arg 1

+RA:
-1
-1
-1
0
1
100001
200000

+Pilha:

+Instrução: call -1 func

+RA:
-1
-1
-1
0
1
100001
200000
0
0
8

+Pilha:

+Instrução: locals 1 0

+RA:
-1
-1
-1
0
1
100001
0
0
8
1
0
200000

+Pilha:

+Instrução: push_var 1 1

+RA:
-1
-1
-1
0
1
100001
0
0
8
1
0
200000

+Pilha:
100001

+Instrução: push_int 1

+RA:
-1
-1
-1
0
1
100001
0
0
8
1
0
200000

+Pilha:
100001
1

+Instrução: add

+RA:
-1
-1
-1
0
1
100001
0
0
8
1
0
200000

+Pilha:
100002

+Instrução: store_var 1 1

+RA:
-1
-1
-1
0
1
100002
0
0
8
1
0
200000

+Pilha:

+Instrução: push_int 2

+RA:
-1
-1
-1
0
1
100002
0
0
8
1
0
200000

+Pilha:
2

+Instrução: push_args 0 1

+RA:
-1
-1
-1
0
1
100002
0
0
8
1
0
200000

+Pilha:
2
200000

+Instrução: mult

+RA:
-1
-1
-1
0
1
100002
0
0
8
1
0
200000

+Pilha:
400000

+Instrução: return

+RA:
-1
-1
-1
0
1
100002

+Pilha:
400000

+Instrução: print
400000
+RA:
-1
-1
-1
0
1
100002

+Pilha:

+Instrução: print_nl


+RA:
-1
-1
-1
0
1
100002

+Pilha:

+Instrução: print_str abc = 
abc = 
+RA:
-1
-1
-1
0
1
100002

+Pilha:

+Instrução: push_var 0 1

+RA:
-1
-1
-1
0
1
100002

+Pilha:
100002

+Instrução: print
100002
+RA:
-1
-1
-1
0
1
100002

+Pilha:

+Instrução: print_nl


+RA:
-1
-1
-1
0
1
100002

+Pilha:

+Instrução: return

+RA:

+Pilha:
