CLASSPATH=.: java  Main

+Instrução: locals 0 0

+RA:
-1
-1
-1
0
0

+Pilha:

+Instrução: call -1 a

+RA:
-1
-1
-1
0
0
0
0
2

+Pilha:

+Instrução: locals 0 1

+RA:
-1
-1
-1
0
0
0
0
2
0
1
-1

+Pilha:

+Instrução: push_int 127

+RA:
-1
-1
-1
0
0
0
0
2
0
1
-1

+Pilha:
127

+Instrução: store_var 0 1

+RA:
-1
-1
-1
0
0
0
0
2
0
1
127

+Pilha:

+Instrução: call -1 b

+RA:
-1
-1
-1
0
0
0
0
2
0
1
127
5
5
7

+Pilha:

+Instrução: locals 0 0

+RA:
-1
-1
-1
0
0
0
0
2
0
1
127
5
5
7
0
0

+Pilha:

+Instrução: call 0 c

+RA:
-1
-1
-1
0
0
0
0
2
0
1
127
5
5
7
0
0
11
5
14

+Pilha:

+Instrução: locals 0 0

+RA:
-1
-1
-1
0
0
0
0
2
0
1
127
5
5
7
0
0
11
5
14
0
0

+Pilha:

+Instrução: push_var 1 1

+RA:
-1
-1
-1
0
0
0
0
2
0
1
127
5
5
7
0
0
11
5
14
0
0

+Pilha:
127

+Instrução: push_int 2

+RA:
-1
-1
-1
0
0
0
0
2
0
1
127
5
5
7
0
0
11
5
14
0
0

+Pilha:
127
2

+Instrução: mult

+RA:
-1
-1
-1
0
0
0
0
2
0
1
127
5
5
7
0
0
11
5
14
0
0

+Pilha:
254

+Instrução: store_var 1 1

+RA:
-1
-1
-1
0
0
0
0
2
0
1
254
5
5
7
0
0
11
5
14
0
0

+Pilha:

+Instrução: return

+RA:
-1
-1
-1
0
0
0
0
2
0
1
254
5
5
7
0
0

+Pilha:

+Instrução: return

+RA:
-1
-1
-1
0
0
0
0
2
0
1
254

+Pilha:

+Instrução: print_str x = 
x = 
+RA:
-1
-1
-1
0
0
0
0
2
0
1
254

+Pilha:

+Instrução: push_var 0 1

+RA:
-1
-1
-1
0
0
0
0
2
0
1
254

+Pilha:
254

+Instrução: print
254
+RA:
-1
-1
-1
0
0
0
0
2
0
1
254

+Pilha:

+Instrução: print_nl


+RA:
-1
-1
-1
0
0
0
0
2
0
1
254

+Pilha:

+Instrução: return

+RA:
-1
-1
-1
0
0

+Pilha:

+Instrução: return

+RA:

+Pilha:
