CLASSPATH=.: java  Main

+Instrução: locals 0 1

+RA:
-1
-1
-1
0
1
-1

+Pilha:

+Instrução: push_int 0

+RA:
-1
-1
-1
0
1
-1

+Pilha:
0

+Instrução: store_var 0 1

+RA:
-1
-1
-1
0
1
0

+Pilha:

+Instrução: call -1 P

+RA:
-1
-1
-1
0
1
0
0
0
4

+Pilha:

+Instrução: locals 0 3

+RA:
-1
-1
-1
0
1
0
0
0
4
0
3
-1
-1
-1

+Pilha:

+Instrução: push_var 1 1

+RA:
-1
-1
-1
0
1
0
0
0
4
0
3
-1
-1
-1

+Pilha:
0

+Instrução: push_int 0

+RA:
-1
-1
-1
0
1
0
0
0
4
0
3
-1
-1
-1

+Pilha:
0
0

+Instrução: jeq P_1

+RA:
-1
-1
-1
0
1
0
0
0
4
0
3
-1
-1
-1

+Pilha:

+Instrução: call -1 Q

+RA:
-1
-1
-1
0
1
0
0
0
4
0
3
-1
-1
-1
6
6
14

+Pilha:

+Instrução: locals 0 0

+RA:
-1
-1
-1
0
1
0
0
0
4
0
3
-1
-1
-1
6
6
14
0
0

+Pilha:

+Instrução: call -1 R

+RA:
-1
-1
-1
0
1
0
0
0
4
0
3
-1
-1
-1
6
6
14
0
0
14
14
31

+Pilha:

+Instrução: locals 0 0

+RA:
-1
-1
-1
0
1
0
0
0
4
0
3
-1
-1
-1
6
6
14
0
0
14
14
31
0
0

+Pilha:

+Instrução: push_int 1

+RA:
-1
-1
-1
0
1
0
0
0
4
0
3
-1
-1
-1
6
6
14
0
0
14
14
31
0
0

+Pilha:
1

+Instrução: store_var 3 1

+RA:
-1
-1
-1
0
1
1
0
0
4
0
3
-1
-1
-1
6
6
14
0
0
14
14
31
0
0

+Pilha:

+Instrução: call 2 P

+RA:
-1
-1
-1
0
1
1
0
0
4
0
3
-1
-1
-1
6
6
14
0
0
14
14
31
0
0
19
6
40

+Pilha:

+Instrução: locals 0 3

+RA:
-1
-1
-1
0
1
1
0
0
4
0
3
-1
-1
-1
6
6
14
0
0
14
14
31
0
0
19
6
40
0
3
-1
-1
-1

+Pilha:

+Instrução: push_var 1 1

+RA:
-1
-1
-1
0
1
1
0
0
4
0
3
-1
-1
-1
6
6
14
0
0
14
14
31
0
0
19
6
40
0
3
-1
-1
-1

+Pilha:
-1

+Instrução: push_int 0

+RA:
-1
-1
-1
0
1
1
0
0
4
0
3
-1
-1
-1
6
6
14
0
0
14
14
31
0
0
19
6
40
0
3
-1
-1
-1

+Pilha:
-1
0

+Instrução: jeq P_1

+RA:
-1
-1
-1
0
1
1
0
0
4
0
3
-1
-1
-1
6
6
14
0
0
14
14
31
0
0
19
6
40
0
3
-1
-1
-1

+Pilha:

+Instrução: push_int 1

+RA:
-1
-1
-1
0
1
1
0
0
4
0
3
-1
-1
-1
6
6
14
0
0
14
14
31
0
0
19
6
40
0
3
-1
-1
-1

+Pilha:
1

+Instrução: return

+RA:
-1
-1
-1
0
1
1
0
0
4
0
3
-1
-1
-1
6
6
14
0
0
14
14
31
0
0

+Pilha:
1

+Instrução: store_var 2 3

+RA:
-1
-1
-1
0
1
1
0
0
4
0
3
-1
-1
1
6
6
14
0
0
14
14
31
0
0

+Pilha:

+Instrução: push_int 10

+RA:
-1
-1
-1
0
1
1
0
0
4
0
3
-1
-1
1
6
6
14
0
0
14
14
31
0
0

+Pilha:
10

+Instrução: push_var 2 3

+RA:
-1
-1
-1
0
1
1
0
0
4
0
3
-1
-1
1
6
6
14
0
0
14
14
31
0
0

+Pilha:
10
1

+Instrução: mult

+RA:
-1
-1
-1
0
1
1
0
0
4
0
3
-1
-1
1
6
6
14
0
0
14
14
31
0
0

+Pilha:
10

+Instrução: return

+RA:
-1
-1
-1
0
1
1
0
0
4
0
3
-1
-1
1
6
6
14
0
0

+Pilha:
10

+Instrução: store_var 1 2

+RA:
-1
-1
-1
0
1
1
0
0
4
0
3
-1
10
1
6
6
14
0
0

+Pilha:

+Instrução: push_int 10

+RA:
-1
-1
-1
0
1
1
0
0
4
0
3
-1
10
1
6
6
14
0
0

+Pilha:
10

+Instrução: push_var 1 2

+RA:
-1
-1
-1
0
1
1
0
0
4
0
3
-1
10
1
6
6
14
0
0

+Pilha:
10
10

+Instrução: mult

+RA:
-1
-1
-1
0
1
1
0
0
4
0
3
-1
10
1
6
6
14
0
0

+Pilha:
100

+Instrução: return

+RA:
-1
-1
-1
0
1
1
0
0
4
0
3
-1
10
1

+Pilha:
100

+Instrução: store_var 0 1

+RA:
-1
-1
-1
0
1
1
0
0
4
0
3
100
10
1

+Pilha:

+Instrução: print_str x = 
x = 
+RA:
-1
-1
-1
0
1
1
0
0
4
0
3
100
10
1

+Pilha:

+Instrução: push_var 0 1

+RA:
-1
-1
-1
0
1
1
0
0
4
0
3
100
10
1

+Pilha:
100

+Instrução: print
100
+RA:
-1
-1
-1
0
1
1
0
0
4
0
3
100
10
1

+Pilha:

+Instrução: print_str , y = 
, y = 
+RA:
-1
-1
-1
0
1
1
0
0
4
0
3
100
10
1

+Pilha:

+Instrução: push_var 0 2

+RA:
-1
-1
-1
0
1
1
0
0
4
0
3
100
10
1

+Pilha:
10

+Instrução: print
10
+RA:
-1
-1
-1
0
1
1
0
0
4
0
3
100
10
1

+Pilha:

+Instrução: print_str , z = 
, z = 
+RA:
-1
-1
-1
0
1
1
0
0
4
0
3
100
10
1

+Pilha:

+Instrução: push_var 0 3

+RA:
-1
-1
-1
0
1
1
0
0
4
0
3
100
10
1

+Pilha:
1

+Instrução: print
1
+RA:
-1
-1
-1
0
1
1
0
0
4
0
3
100
10
1

+Pilha:

+Instrução: print_nl


+RA:
-1
-1
-1
0
1
1
0
0
4
0
3
100
10
1

+Pilha:

+Instrução: push_int 10

+RA:
-1
-1
-1
0
1
1
0
0
4
0
3
100
10
1

+Pilha:
10

+Instrução: push_var 0 1

+RA:
-1
-1
-1
0
1
1
0
0
4
0
3
100
10
1

+Pilha:
10
100

+Instrução: mult

+RA:
-1
-1
-1
0
1
1
0
0
4
0
3
100
10
1

+Pilha:
1000

+Instrução: return

+RA:
-1
-1
-1
0
1
1

+Pilha:
1000

+Instrução: print
1000
+RA:
-1
-1
-1
0
1
1

+Pilha:

+Instrução: print_nl


+RA:
-1
-1
-1
0
1
1

+Pilha:

+Instrução: return

+RA:

+Pilha:
